<?xml version="1.0" encoding="UTF-8"?>
<testng-results skipped="0" failed="0" ignored="0" total="33" passed="33">
  <reporter-output>
  </reporter-output>
  <suite name="EmployeesRestAPISuite" duration-ms="25037" started-at="2019-06-14T03:45:13Z" finished-at="2019-06-14T03:45:38Z">
    <groups>
    </groups>
    <test name="EmployeesRestAPITest" duration-ms="25037" started-at="2019-06-14T03:45:13Z" finished-at="2019-06-14T03:45:38Z">
      <class name="com.employeeapi.testCases.TC003_Post_Employee_Record">
        <test-method status="PASS" signature="setup()[pri:0, instance:com.employeeapi.testCases.TC003_Post_Employee_Record@5594a1b5]" name="setup" is-config="true" duration-ms="6" started-at="2019-06-14T03:45:24Z" finished-at="2019-06-14T03:45:24Z">
          <reporter-output>
          </reporter-output>
        </test-method> <!-- setup -->
        <test-method status="PASS" signature="createEmployee()[pri:0, instance:com.employeeapi.testCases.TC003_Post_Employee_Record@5594a1b5]" name="createEmployee" is-config="true" duration-ms="5251" started-at="2019-06-14T03:45:24Z" finished-at="2019-06-14T03:45:29Z">
          <reporter-output>
          </reporter-output>
        </test-method> <!-- createEmployee -->
        <test-method status="PASS" signature="checkContentType()[pri:0, instance:com.employeeapi.testCases.TC003_Post_Employee_Record@5594a1b5]" name="checkContentType" duration-ms="0" started-at="2019-06-14T03:45:29Z" finished-at="2019-06-14T03:45:29Z">
          <reporter-output>
          </reporter-output>
        </test-method> <!-- checkContentType -->
        <test-method status="PASS" signature="checkResposeBody()[pri:0, instance:com.employeeapi.testCases.TC003_Post_Employee_Record@5594a1b5]" name="checkResposeBody" duration-ms="0" started-at="2019-06-14T03:45:29Z" finished-at="2019-06-14T03:45:29Z">
          <reporter-output>
          </reporter-output>
        </test-method> <!-- checkResposeBody -->
        <test-method status="PASS" signature="checkStatusCode()[pri:0, instance:com.employeeapi.testCases.TC003_Post_Employee_Record@5594a1b5]" name="checkStatusCode" duration-ms="0" started-at="2019-06-14T03:45:29Z" finished-at="2019-06-14T03:45:29Z">
          <reporter-output>
          </reporter-output>
        </test-method> <!-- checkStatusCode -->
        <test-method status="PASS" signature="checkcontentEncoding()[pri:0, instance:com.employeeapi.testCases.TC003_Post_Employee_Record@5594a1b5]" name="checkcontentEncoding" duration-ms="0" started-at="2019-06-14T03:45:29Z" finished-at="2019-06-14T03:45:29Z">
          <reporter-output>
          </reporter-output>
        </test-method> <!-- checkcontentEncoding -->
        <test-method status="PASS" signature="checkserverType()[pri:0, instance:com.employeeapi.testCases.TC003_Post_Employee_Record@5594a1b5]" name="checkserverType" duration-ms="0" started-at="2019-06-14T03:45:29Z" finished-at="2019-06-14T03:45:29Z">
          <reporter-output>
          </reporter-output>
        </test-method> <!-- checkserverType -->
        <test-method status="PASS" signature="checkstatusLine()[pri:0, instance:com.employeeapi.testCases.TC003_Post_Employee_Record@5594a1b5]" name="checkstatusLine" duration-ms="1" started-at="2019-06-14T03:45:29Z" finished-at="2019-06-14T03:45:29Z">
          <reporter-output>
          </reporter-output>
        </test-method> <!-- checkstatusLine -->
        <test-method status="PASS" signature="tearDown()[pri:0, instance:com.employeeapi.testCases.TC003_Post_Employee_Record@5594a1b5]" name="tearDown" is-config="true" duration-ms="1" started-at="2019-06-14T03:45:29Z" finished-at="2019-06-14T03:45:29Z">
          <reporter-output>
          </reporter-output>
        </test-method> <!-- tearDown -->
      </class> <!-- com.employeeapi.testCases.TC003_Post_Employee_Record -->
      <class name="com.employeeapi.testCases.TC005_Delete_Employee_Record">
        <test-method status="PASS" signature="setup()[pri:0, instance:com.employeeapi.testCases.TC005_Delete_Employee_Record@3b6eb2ec]" name="setup" is-config="true" duration-ms="3" started-at="2019-06-14T03:45:34Z" finished-at="2019-06-14T03:45:34Z">
          <reporter-output>
          </reporter-output>
        </test-method> <!-- setup -->
        <test-method status="PASS" signature="deleteEmployee()[pri:0, instance:com.employeeapi.testCases.TC005_Delete_Employee_Record@3b6eb2ec]" name="deleteEmployee" is-config="true" duration-ms="4331" started-at="2019-06-14T03:45:34Z" finished-at="2019-06-14T03:45:38Z">
          <reporter-output>
          </reporter-output>
        </test-method> <!-- deleteEmployee -->
        <test-method status="PASS" signature="checkContentType()[pri:0, instance:com.employeeapi.testCases.TC005_Delete_Employee_Record@3b6eb2ec]" name="checkContentType" duration-ms="0" started-at="2019-06-14T03:45:38Z" finished-at="2019-06-14T03:45:38Z">
          <reporter-output>
          </reporter-output>
        </test-method> <!-- checkContentType -->
        <test-method status="PASS" signature="checkResposeBody()[pri:0, instance:com.employeeapi.testCases.TC005_Delete_Employee_Record@3b6eb2ec]" name="checkResposeBody" duration-ms="1" started-at="2019-06-14T03:45:38Z" finished-at="2019-06-14T03:45:38Z">
          <reporter-output>
          </reporter-output>
        </test-method> <!-- checkResposeBody -->
        <test-method status="PASS" signature="checkStatusCode()[pri:0, instance:com.employeeapi.testCases.TC005_Delete_Employee_Record@3b6eb2ec]" name="checkStatusCode" duration-ms="1" started-at="2019-06-14T03:45:38Z" finished-at="2019-06-14T03:45:38Z">
          <reporter-output>
          </reporter-output>
        </test-method> <!-- checkStatusCode -->
        <test-method status="PASS" signature="checkcontentEncoding()[pri:0, instance:com.employeeapi.testCases.TC005_Delete_Employee_Record@3b6eb2ec]" name="checkcontentEncoding" duration-ms="0" started-at="2019-06-14T03:45:38Z" finished-at="2019-06-14T03:45:38Z">
          <reporter-output>
          </reporter-output>
        </test-method> <!-- checkcontentEncoding -->
        <test-method status="PASS" signature="checkserverType()[pri:0, instance:com.employeeapi.testCases.TC005_Delete_Employee_Record@3b6eb2ec]" name="checkserverType" duration-ms="0" started-at="2019-06-14T03:45:38Z" finished-at="2019-06-14T03:45:38Z">
          <reporter-output>
          </reporter-output>
        </test-method> <!-- checkserverType -->
        <test-method status="PASS" signature="checkstatusLine()[pri:0, instance:com.employeeapi.testCases.TC005_Delete_Employee_Record@3b6eb2ec]" name="checkstatusLine" duration-ms="0" started-at="2019-06-14T03:45:38Z" finished-at="2019-06-14T03:45:38Z">
          <reporter-output>
          </reporter-output>
        </test-method> <!-- checkstatusLine -->
        <test-method status="PASS" signature="tearDown()[pri:0, instance:com.employeeapi.testCases.TC005_Delete_Employee_Record@3b6eb2ec]" name="tearDown" is-config="true" duration-ms="0" started-at="2019-06-14T03:45:38Z" finished-at="2019-06-14T03:45:38Z">
          <reporter-output>
          </reporter-output>
        </test-method> <!-- tearDown -->
      </class> <!-- com.employeeapi.testCases.TC005_Delete_Employee_Record -->
      <class name="com.employeeapi.testCases.TC001_Get_All_Employees">
        <test-method status="PASS" signature="setup()[pri:0, instance:com.employeeapi.testCases.TC001_Get_All_Employees@43a25848]" name="setup" is-config="true" duration-ms="51" started-at="2019-06-14T03:45:14Z" finished-at="2019-06-14T03:45:14Z">
          <reporter-output>
          </reporter-output>
        </test-method> <!-- setup -->
        <test-method status="PASS" signature="getAllEmployees()[pri:0, instance:com.employeeapi.testCases.TC001_Get_All_Employees@43a25848]" name="getAllEmployees" is-config="true" duration-ms="2196" started-at="2019-06-14T03:45:14Z" finished-at="2019-06-14T03:45:16Z">
          <reporter-output>
          </reporter-output>
        </test-method> <!-- getAllEmployees -->
        <test-method status="PASS" signature="checkContentLenght()[pri:0, instance:com.employeeapi.testCases.TC001_Get_All_Employees@43a25848]" name="checkContentLenght" duration-ms="4" started-at="2019-06-14T03:45:16Z" finished-at="2019-06-14T03:45:16Z">
          <reporter-output>
          </reporter-output>
        </test-method> <!-- checkContentLenght -->
        <test-method status="PASS" signature="checkContentType()[pri:0, instance:com.employeeapi.testCases.TC001_Get_All_Employees@43a25848]" name="checkContentType" duration-ms="1" started-at="2019-06-14T03:45:16Z" finished-at="2019-06-14T03:45:16Z">
          <reporter-output>
          </reporter-output>
        </test-method> <!-- checkContentType -->
        <test-method status="PASS" signature="checkCookies()[pri:0, instance:com.employeeapi.testCases.TC001_Get_All_Employees@43a25848]" name="checkCookies" duration-ms="2" started-at="2019-06-14T03:45:16Z" finished-at="2019-06-14T03:45:16Z">
          <reporter-output>
          </reporter-output>
        </test-method> <!-- checkCookies -->
        <test-method status="PASS" signature="checkResponseTime()[pri:0, instance:com.employeeapi.testCases.TC001_Get_All_Employees@43a25848]" name="checkResponseTime" duration-ms="1" started-at="2019-06-14T03:45:16Z" finished-at="2019-06-14T03:45:16Z">
          <reporter-output>
          </reporter-output>
        </test-method> <!-- checkResponseTime -->
        <test-method status="PASS" signature="checkResposeBody()[pri:0, instance:com.employeeapi.testCases.TC001_Get_All_Employees@43a25848]" name="checkResposeBody" duration-ms="64" started-at="2019-06-14T03:45:16Z" finished-at="2019-06-14T03:45:16Z">
          <reporter-output>
          </reporter-output>
        </test-method> <!-- checkResposeBody -->
        <test-method status="PASS" signature="checkStatusCode()[pri:0, instance:com.employeeapi.testCases.TC001_Get_All_Employees@43a25848]" name="checkStatusCode" duration-ms="1" started-at="2019-06-14T03:45:16Z" finished-at="2019-06-14T03:45:16Z">
          <reporter-output>
          </reporter-output>
        </test-method> <!-- checkStatusCode -->
        <test-method status="PASS" signature="checkcontentEncoding()[pri:0, instance:com.employeeapi.testCases.TC001_Get_All_Employees@43a25848]" name="checkcontentEncoding" duration-ms="1" started-at="2019-06-14T03:45:16Z" finished-at="2019-06-14T03:45:16Z">
          <reporter-output>
          </reporter-output>
        </test-method> <!-- checkcontentEncoding -->
        <test-method status="PASS" signature="checkserverType()[pri:0, instance:com.employeeapi.testCases.TC001_Get_All_Employees@43a25848]" name="checkserverType" duration-ms="3" started-at="2019-06-14T03:45:16Z" finished-at="2019-06-14T03:45:16Z">
          <reporter-output>
          </reporter-output>
        </test-method> <!-- checkserverType -->
        <test-method status="PASS" signature="checkstatusLine()[pri:0, instance:com.employeeapi.testCases.TC001_Get_All_Employees@43a25848]" name="checkstatusLine" duration-ms="1" started-at="2019-06-14T03:45:16Z" finished-at="2019-06-14T03:45:16Z">
          <reporter-output>
          </reporter-output>
        </test-method> <!-- checkstatusLine -->
        <test-method status="PASS" signature="tearDown()[pri:0, instance:com.employeeapi.testCases.TC001_Get_All_Employees@43a25848]" name="tearDown" is-config="true" duration-ms="1" started-at="2019-06-14T03:45:16Z" finished-at="2019-06-14T03:45:16Z">
          <reporter-output>
          </reporter-output>
        </test-method> <!-- tearDown -->
      </class> <!-- com.employeeapi.testCases.TC001_Get_All_Employees -->
      <class name="com.employeeapi.testCases.TC004_Put_Employee_Record">
        <test-method status="PASS" signature="setup()[pri:0, instance:com.employeeapi.testCases.TC004_Put_Employee_Record@6a5fc7f7]" name="setup" is-config="true" duration-ms="3" started-at="2019-06-14T03:45:29Z" finished-at="2019-06-14T03:45:29Z">
          <reporter-output>
          </reporter-output>
        </test-method> <!-- setup -->
        <test-method status="PASS" signature="updateEmployee()[pri:0, instance:com.employeeapi.testCases.TC004_Put_Employee_Record@6a5fc7f7]" name="updateEmployee" is-config="true" duration-ms="5245" started-at="2019-06-14T03:45:29Z" finished-at="2019-06-14T03:45:34Z">
          <reporter-output>
          </reporter-output>
        </test-method> <!-- updateEmployee -->
        <test-method status="PASS" signature="checkContentType()[pri:0, instance:com.employeeapi.testCases.TC004_Put_Employee_Record@6a5fc7f7]" name="checkContentType" duration-ms="0" started-at="2019-06-14T03:45:34Z" finished-at="2019-06-14T03:45:34Z">
          <reporter-output>
          </reporter-output>
        </test-method> <!-- checkContentType -->
        <test-method status="PASS" signature="checkResposeBody()[pri:0, instance:com.employeeapi.testCases.TC004_Put_Employee_Record@6a5fc7f7]" name="checkResposeBody" duration-ms="1" started-at="2019-06-14T03:45:34Z" finished-at="2019-06-14T03:45:34Z">
          <reporter-output>
          </reporter-output>
        </test-method> <!-- checkResposeBody -->
        <test-method status="PASS" signature="checkcontentEncoding()[pri:0, instance:com.employeeapi.testCases.TC004_Put_Employee_Record@6a5fc7f7]" name="checkcontentEncoding" duration-ms="1" started-at="2019-06-14T03:45:34Z" finished-at="2019-06-14T03:45:34Z">
          <reporter-output>
          </reporter-output>
        </test-method> <!-- checkcontentEncoding -->
        <test-method status="PASS" signature="checkStatusCode()[pri:0, instance:com.employeeapi.testCases.TC004_Put_Employee_Record@6a5fc7f7]" name="checkStatusCode" duration-ms="0" started-at="2019-06-14T03:45:34Z" finished-at="2019-06-14T03:45:34Z">
          <reporter-output>
          </reporter-output>
        </test-method> <!-- checkStatusCode -->
        <test-method status="PASS" signature="checkserverType()[pri:0, instance:com.employeeapi.testCases.TC004_Put_Employee_Record@6a5fc7f7]" name="checkserverType" duration-ms="0" started-at="2019-06-14T03:45:34Z" finished-at="2019-06-14T03:45:34Z">
          <reporter-output>
          </reporter-output>
        </test-method> <!-- checkserverType -->
        <test-method status="PASS" signature="checkstatusLine()[pri:0, instance:com.employeeapi.testCases.TC004_Put_Employee_Record@6a5fc7f7]" name="checkstatusLine" duration-ms="0" started-at="2019-06-14T03:45:34Z" finished-at="2019-06-14T03:45:34Z">
          <reporter-output>
          </reporter-output>
        </test-method> <!-- checkstatusLine -->
        <test-method status="PASS" signature="tearDown()[pri:0, instance:com.employeeapi.testCases.TC004_Put_Employee_Record@6a5fc7f7]" name="tearDown" is-config="true" duration-ms="1" started-at="2019-06-14T03:45:34Z" finished-at="2019-06-14T03:45:34Z">
          <reporter-output>
          </reporter-output>
        </test-method> <!-- tearDown -->
      </class> <!-- com.employeeapi.testCases.TC004_Put_Employee_Record -->
      <class name="com.employeeapi.testCases.TC002_Get_Single_Employee_Record">
        <test-method status="PASS" signature="setup()[pri:0, instance:com.employeeapi.testCases.TC002_Get_Single_Employee_Record@3ac3fd8b]" name="setup" is-config="true" duration-ms="16" started-at="2019-06-14T03:45:16Z" finished-at="2019-06-14T03:45:16Z">
          <reporter-output>
          </reporter-output>
        </test-method> <!-- setup -->
        <test-method status="PASS" signature="getEmployeeData()[pri:0, instance:com.employeeapi.testCases.TC002_Get_Single_Employee_Record@3ac3fd8b]" name="getEmployeeData" is-config="true" duration-ms="7401" started-at="2019-06-14T03:45:16Z" finished-at="2019-06-14T03:45:24Z">
          <reporter-output>
          </reporter-output>
        </test-method> <!-- getEmployeeData -->
        <test-method status="PASS" signature="checkContentLenght()[pri:0, instance:com.employeeapi.testCases.TC002_Get_Single_Employee_Record@3ac3fd8b]" name="checkContentLenght" duration-ms="1" started-at="2019-06-14T03:45:24Z" finished-at="2019-06-14T03:45:24Z">
          <reporter-output>
          </reporter-output>
        </test-method> <!-- checkContentLenght -->
        <test-method status="PASS" signature="checkContentType()[pri:0, instance:com.employeeapi.testCases.TC002_Get_Single_Employee_Record@3ac3fd8b]" name="checkContentType" duration-ms="1" started-at="2019-06-14T03:45:24Z" finished-at="2019-06-14T03:45:24Z">
          <reporter-output>
          </reporter-output>
        </test-method> <!-- checkContentType -->
        <test-method status="PASS" signature="checkResponseTime()[pri:0, instance:com.employeeapi.testCases.TC002_Get_Single_Employee_Record@3ac3fd8b]" name="checkResponseTime" duration-ms="0" started-at="2019-06-14T03:45:24Z" finished-at="2019-06-14T03:45:24Z">
          <reporter-output>
          </reporter-output>
        </test-method> <!-- checkResponseTime -->
        <test-method status="PASS" signature="checkStatusCode()[pri:0, instance:com.employeeapi.testCases.TC002_Get_Single_Employee_Record@3ac3fd8b]" name="checkStatusCode" duration-ms="0" started-at="2019-06-14T03:45:24Z" finished-at="2019-06-14T03:45:24Z">
          <reporter-output>
          </reporter-output>
        </test-method> <!-- checkStatusCode -->
        <test-method status="PASS" signature="checkserverType()[pri:0, instance:com.employeeapi.testCases.TC002_Get_Single_Employee_Record@3ac3fd8b]" name="checkserverType" duration-ms="1" started-at="2019-06-14T03:45:24Z" finished-at="2019-06-14T03:45:24Z">
          <reporter-output>
          </reporter-output>
        </test-method> <!-- checkserverType -->
        <test-method status="PASS" signature="checkstatusLine()[pri:0, instance:com.employeeapi.testCases.TC002_Get_Single_Employee_Record@3ac3fd8b]" name="checkstatusLine" duration-ms="0" started-at="2019-06-14T03:45:24Z" finished-at="2019-06-14T03:45:24Z">
          <reporter-output>
          </reporter-output>
        </test-method> <!-- checkstatusLine -->
        <test-method status="PASS" signature="tearDown()[pri:0, instance:com.employeeapi.testCases.TC002_Get_Single_Employee_Record@3ac3fd8b]" name="tearDown" is-config="true" duration-ms="1" started-at="2019-06-14T03:45:24Z" finished-at="2019-06-14T03:45:24Z">
          <reporter-output>
          </reporter-output>
        </test-method> <!-- tearDown -->
      </class> <!-- com.employeeapi.testCases.TC002_Get_Single_Employee_Record -->
    </test> <!-- EmployeesRestAPITest -->
  </suite> <!-- EmployeesRestAPISuite -->
</testng-results>
